Determining if the pthread_create exist failed with the following output:
Change Dir: /home/elsasha/cryptonote-master/CMakeFiles/CMakeTmp

Run Build Command:"/usr/bin/make" "cmTC_233bd/fast"
/usr/bin/make -f CMakeFiles/cmTC_233bd.dir/build.make CMakeFiles/cmTC_233bd.dir/build
make[1]: Entering directory '/home/elsasha/cryptonote-master/CMakeFiles/CMakeTmp'
Building C object CMakeFiles/cmTC_233bd.dir/CheckSymbolExists.c.o
/usr/bin/cc     -o CMakeFiles/cmTC_233bd.dir/CheckSymbolExists.c.o   -c /home/elsasha/cryptonote-master/CMakeFiles/CMakeTmp/CheckSymbolExists.c
Linking C executable cmTC_233bd
/usr/bin/cmake -E cmake_link_script CMakeFiles/cmTC_233bd.dir/link.txt --verbose=1
/usr/bin/cc       CMakeFiles/cmTC_233bd.dir/CheckSymbolExists.c.o  -o cmTC_233bd -rdynamic 
CMakeFiles/cmTC_233bd.dir/CheckSymbolExists.c.o: In function `main':
CheckSymbolExists.c:(.text+0x16): undefined reference to `pthread_create'
collect2: error: ld returned 1 exit status
CMakeFiles/cmTC_233bd.dir/build.make:97: recipe for target 'cmTC_233bd' failed
make[1]: *** [cmTC_233bd] Error 1
make[1]: Leaving directory '/home/elsasha/cryptonote-master/CMakeFiles/CMakeTmp'
Makefile:126: recipe for target 'cmTC_233bd/fast' failed
make: *** [cmTC_233bd/fast] Error 2

File /home/elsasha/cryptonote-master/CMakeFiles/CMakeTmp/CheckSymbolExists.c:
/* */
#include <pthread.h>

int main(int argc, char** argv)
{
  (void)argv;
#ifndef pthread_create
  return ((int*)(&pthread_create))[argc];
#else
  (void)argc;
  return 0;
#endif
}

Determining if the function pthread_create exists in the pthreads failed with the following output:
Change Dir: /home/elsasha/cryptonote-master/CMakeFiles/CMakeTmp

Run Build Command:"/usr/bin/make" "cmTC_33bc3/fast"
/usr/bin/make -f CMakeFiles/cmTC_33bc3.dir/build.make CMakeFiles/cmTC_33bc3.dir/build
make[1]: Entering directory '/home/elsasha/cryptonote-master/CMakeFiles/CMakeTmp'
Building C object CMakeFiles/cmTC_33bc3.dir/CheckFunctionExists.c.o
/usr/bin/cc    -DCHECK_FUNCTION_EXISTS=pthread_create   -o CMakeFiles/cmTC_33bc3.dir/CheckFunctionExists.c.o   -c /usr/share/cmake-3.5/Modules/CheckFunctionExists.c
Linking C executable cmTC_33bc3
/usr/bin/cmake -E cmake_link_script CMakeFiles/cmTC_33bc3.dir/link.txt --verbose=1
/usr/bin/cc   -DCHECK_FUNCTION_EXISTS=pthread_create    CMakeFiles/cmTC_33bc3.dir/CheckFunctionExists.c.o  -o cmTC_33bc3 -rdynamic -lpthreads 
/usr/bin/ld: cannot find -lpthreads
collect2: error: ld returned 1 exit status
CMakeFiles/cmTC_33bc3.dir/build.make:97: recipe for target 'cmTC_33bc3' failed
make[1]: *** [cmTC_33bc3] Error 1
make[1]: Leaving directory '/home/elsasha/cryptonote-master/CMakeFiles/CMakeTmp'
Makefile:126: recipe for target 'cmTC_33bc3/fast' failed
make: *** [cmTC_33bc3/fast] Error 2


